<?xml version="1.0" encoding="UTF-8"?>
<testng-results ignored="0" total="1" passed="1" failed="0" skipped="0">
  <reporter-output>
  </reporter-output>
  <suite started-at="2023-10-06T10:32:37 ART" name="Default suite" finished-at="2023-10-06T10:32:43 ART" duration-ms="5753">
    <groups>
    </groups>
    <test started-at="2023-10-06T10:32:37 ART" name="Default test" finished-at="2023-10-06T10:32:43 ART" duration-ms="5753">
      <class name="tests.GoogleSearchBar">
        <test-method is-config="true" signature="beforeTest()[pri:0, instance:tests.GoogleSearchBar@2d3379b4]" started-at="2023-10-06T10:32:37 ART" name="beforeTest" finished-at="2023-10-06T10:32:39 ART" duration-ms="2519" status="PASS">
          <reporter-output>
          </reporter-output>
        </test-method> <!-- beforeTest -->
        <test-method signature="f()[pri:0, instance:tests.GoogleSearchBar@2d3379b4]" started-at="2023-10-06T10:32:39 ART" name="f" finished-at="2023-10-06T10:32:43 ART" duration-ms="3208" status="PASS">
          <reporter-output>
          </reporter-output>
        </test-method> <!-- f -->
        <test-method is-config="true" signature="afterTest()[pri:0, instance:tests.GoogleSearchBar@2d3379b4]" started-at="2023-10-06T10:32:43 ART" name="afterTest" finished-at="2023-10-06T10:32:43 ART" duration-ms="0" status="PASS">
          <reporter-output>
          </reporter-output>
        </test-method> <!-- afterTest -->
      </class> <!-- tests.GoogleSearchBar -->
    </test> <!-- Default test -->
  </suite> <!-- Default suite -->
</testng-results>
